<?xml version="1.0" encoding="UTF-8"?>
<!-- Generated by org.testng.reporters.JUnitXMLReporter -->
<testsuite ignored="0" hostname="DESKTOP-7A5CLN9" failures="0" tests="6" name="Test" time="111.12" errors="0" timestamp="2023-08-03T23:03:24 GMT-07:00">
  <testcase classname="mGroupProject.Amazon" name="AmazonTest" time="21.361"/>
  <testcase classname="mGroupProject.Flipkart" name="FlipkartTest" time="16.461"/>
  <testcase classname="mGroupProject.Ajio" name="AjioTest" time="22.315"/>
  <testcase classname="mGroupProject.Ebay" name="Ebaytest" time="15.514"/>
  <testcase classname="mGroupProject.Myntra" name="MyntraTest" time="19.511"/>
  <testcase classname="mGroupProject.Meeshow" name="Ec_123_Meeshowtest" time="15.462"/>
</testsuite> <!-- Test -->
