<?xml version="1.0" encoding="UTF-8"?>
<testng-results ignored="0" total="1" passed="1" failed="0" skipped="0">
  <reporter-output>
    <line>
      <![CDATA[Opening amazon]]>
    </line>
  </reporter-output>
  <suite started-at="2023-07-26T07:12:10 GMT-07:00" name="Default suite" finished-at="2023-07-26T07:12:31 GMT-07:00" duration-ms="20628">
    <groups>
    </groups>
    <test started-at="2023-07-26T07:12:10 GMT-07:00" name="Default test" finished-at="2023-07-26T07:12:31 GMT-07:00" duration-ms="20628">
      <class name="mGroupProject.Amazon">
        <test-method is-config="true" signature="start()[pri:0, instance:mGroupProject.Amazon@3023df74]" started-at="2023-07-26T07:12:10 GMT-07:00" name="start" finished-at="2023-07-26T07:12:10 GMT-07:00" duration-ms="259" status="PASS">
          <reporter-output>
          </reporter-output>
        </test-method> <!-- start -->
        <test-method signature="AmazonTest()[pri:0, instance:mGroupProject.Amazon@3023df74]" started-at="2023-07-26T07:12:10 GMT-07:00" name="AmazonTest" finished-at="2023-07-26T07:12:31 GMT-07:00" duration-ms="20257" status="PASS">
          <reporter-output>
            <line>
              <![CDATA[Opening amazon]]>
            </line>
          </reporter-output>
        </test-method> <!-- AmazonTest -->
        <test-method is-config="true" signature="stop()[pri:0, instance:mGroupProject.Amazon@3023df74]" started-at="2023-07-26T07:12:31 GMT-07:00" name="stop" finished-at="2023-07-26T07:12:31 GMT-07:00" duration-ms="22" status="PASS">
          <reporter-output>
          </reporter-output>
        </test-method> <!-- stop -->
      </class> <!-- mGroupProject.Amazon -->
    </test> <!-- Default test -->
  </suite> <!-- Default suite -->
</testng-results>
